c:\users\b6014990\desktop\game tech\gametech_2017\build\nclgl\release\nclgl.pdb
c:\users\b6014990\desktop\game tech\gametech_2017\build\nclgl\release\window.obj
c:\users\b6014990\desktop\game tech\gametech_2017\build\nclgl\release\shader.obj
c:\users\b6014990\desktop\game tech\gametech_2017\build\nclgl\release\scenenode.obj
c:\users\b6014990\desktop\game tech\gametech_2017\build\nclgl\release\quaternion.obj
c:\users\b6014990\desktop\game tech\gametech_2017\build\nclgl\release\plane.obj
c:\users\b6014990\desktop\game tech\gametech_2017\build\nclgl\release\oglrenderer.obj
c:\users\b6014990\desktop\game tech\gametech_2017\build\nclgl\release\objmesh.obj
c:\users\b6014990\desktop\game tech\gametech_2017\build\nclgl\release\mouse.obj
c:\users\b6014990\desktop\game tech\gametech_2017\build\nclgl\release\mesh.obj
c:\users\b6014990\desktop\game tech\gametech_2017\build\nclgl\release\md5node.obj
c:\users\b6014990\desktop\game tech\gametech_2017\build\nclgl\release\md5mesh.obj
c:\users\b6014990\desktop\game tech\gametech_2017\build\nclgl\release\md5filedata.obj
c:\users\b6014990\desktop\game tech\gametech_2017\build\nclgl\release\md5anim.obj
c:\users\b6014990\desktop\game tech\gametech_2017\build\nclgl\release\matrix4.obj
c:\users\b6014990\desktop\game tech\gametech_2017\build\nclgl\release\matrix3.obj
c:\users\b6014990\desktop\game tech\gametech_2017\build\nclgl\release\keyboard.obj
c:\users\b6014990\desktop\game tech\gametech_2017\build\nclgl\release\gametimer.obj
c:\users\b6014990\desktop\game tech\gametech_2017\build\nclgl\release\frustum.obj
c:\users\b6014990\desktop\game tech\gametech_2017\build\nclgl\release\cuberobot.obj
c:\users\b6014990\desktop\game tech\gametech_2017\build\nclgl\release\camera.obj
c:\users\b6014990\desktop\game tech\gametech_2017\build\release\nclgl.lib
c:\users\b6014990\desktop\game tech\gametech_2017\build\nclgl\release\nclgl.tlog\cl.command.1.tlog
c:\users\b6014990\desktop\game tech\gametech_2017\build\nclgl\release\nclgl.tlog\cl.read.1.tlog
c:\users\b6014990\desktop\game tech\gametech_2017\build\nclgl\release\nclgl.tlog\cl.write.1.tlog
c:\users\b6014990\desktop\game tech\gametech_2017\build\nclgl\release\nclgl.tlog\lib-link.read.1.tlog
c:\users\b6014990\desktop\game tech\gametech_2017\build\nclgl\release\nclgl.tlog\lib-link.write.1.tlog
c:\users\b6014990\desktop\game tech\gametech_2017\build\nclgl\release\nclgl.tlog\lib.command.1.tlog
