Build started 16/12/2016 10:44:59.
     1>Project "C:\Users\b6014990\Desktop\Game Tech\GameTech_2017\Build\nclgl\nclgl.vcxproj" on node 2 (Build target(s)).
     1>ClCompile:
         C:\Program Files (x86)\Microsoft Visual Studio 14.0\VC\bin\CL.exe /c /Zi /nologo /W3 /WX- /O2 /Oi /Oy- /GL /D _MBCS /Gm- /EHsc /MD /GS /Gy /fp:precise /Zc:wchar_t /Zc:forScope /Zc:inline /Fo"Release\\" /Fd"Release\nclgl.pdb" /Gd /TP /analyze- /errorReport:prompt Camera.cpp CubeRobot.cpp Frustum.cpp GameTimer.cpp Keyboard.cpp Matrix3.cpp Matrix4.cpp MD5Anim.cpp MD5FileData.cpp MD5Mesh.cpp MD5Node.cpp Mesh.cpp Mouse.cpp OBJMesh.cpp OGLRenderer.cpp Plane.cpp Quaternion.cpp SceneNode.cpp Shader.cpp Window.cpp
         Camera.cpp
         CubeRobot.cpp
         Frustum.cpp
         GameTimer.cpp
         Keyboard.cpp
         Matrix3.cpp
         Matrix4.cpp
         MD5Anim.cpp
         MD5FileData.cpp
         MD5Mesh.cpp
         MD5Node.cpp
         Mesh.cpp
         Mouse.cpp
         OBJMesh.cpp
         OGLRenderer.cpp
         Plane.cpp
         Quaternion.cpp
         SceneNode.cpp
         Shader.cpp
         Window.cpp
       Lib:
         C:\Program Files (x86)\Microsoft Visual Studio 14.0\VC\bin\Lib.exe /OUT:"C:\Users\b6014990\Desktop\Game Tech\GameTech_2017\Build\Release\nclgl.lib" /NOLOGO /LTCG Release\Camera.obj
         Release\CubeRobot.obj
         Release\Frustum.obj
         Release\GameTimer.obj
         Release\Keyboard.obj
         Release\Matrix3.obj
         Release\Matrix4.obj
         Release\MD5Anim.obj
         Release\MD5FileData.obj
         Release\MD5Mesh.obj
         Release\MD5Node.obj
         Release\Mesh.obj
         Release\Mouse.obj
         Release\OBJMesh.obj
         Release\OGLRenderer.obj
         Release\Plane.obj
         Release\Quaternion.obj
         Release\SceneNode.obj
         Release\Shader.obj
         Release\Window.obj
         nclgl.vcxproj -> C:\Users\b6014990\Desktop\Game Tech\GameTech_2017\Build\Release\nclgl.lib
     1>Done Building Project "C:\Users\b6014990\Desktop\Game Tech\GameTech_2017\Build\nclgl\nclgl.vcxproj" (Build target(s)).

Build succeeded.

Time Elapsed 00:00:09.35
